d:\rohan\semesters\2nd semester\oop\sdl\project1\particle explosion\debug\vc141.pdb
d:\rohan\semesters\2nd semester\oop\sdl\project1\particle explosion\debug\vc141.idb
d:\rohan\semesters\2nd semester\oop\sdl\project1\particle explosion\debug\swarm.obj
d:\rohan\semesters\2nd semester\oop\sdl\project1\particle explosion\debug\screen.obj
d:\rohan\semesters\2nd semester\oop\sdl\project1\particle explosion\debug\particle.obj
d:\rohan\semesters\2nd semester\oop\sdl\project1\particle explosion\debug\main.obj
d:\rohan\semesters\2nd semester\oop\sdl\project1\debug\particle explosion.ilk
d:\rohan\semesters\2nd semester\oop\sdl\project1\debug\particle explosion.exe
d:\rohan\semesters\2nd semester\oop\sdl\project1\debug\particle explosion.pdb
c:\users\hroha\desktop\spring 2022\particle explosion\debug\main.obj
c:\users\hroha\desktop\spring 2022\particle explosion\debug\particle.obj
c:\users\hroha\desktop\spring 2022\particle explosion\debug\screen.obj
c:\users\hroha\desktop\spring 2022\particle explosion\debug\swarm.obj
c:\users\hroha\desktop\spring 2022\particle explosion\debug\vc141.idb
c:\users\hroha\desktop\spring 2022\particle explosion\debug\vc141.pdb
c:\users\hroha\desktop\spring 2022\particle explosion\debug\particle.11a7f90b.tlog\cl.command.1.tlog
c:\users\hroha\desktop\spring 2022\particle explosion\debug\particle.11a7f90b.tlog\cl.read.1.tlog
c:\users\hroha\desktop\spring 2022\particle explosion\debug\particle.11a7f90b.tlog\cl.write.1.tlog
c:\users\hroha\desktop\spring 2022\particle explosion\debug\particle.11a7f90b.tlog\link.command.1.tlog
c:\users\hroha\desktop\spring 2022\particle explosion\debug\particle.11a7f90b.tlog\link.read.1.tlog
c:\users\hroha\desktop\spring 2022\particle explosion\debug\particle.11a7f90b.tlog\link.write.1.tlog
